[12-Jul-2018 18:44:15 Asia/Chongqing] Cf45ea7ba7cb84bae903458d3184642a0 U9ab4918e564c4b73440b8e3388ead129 1531392255546 XD
[12-Jul-2018 18:45:03 Asia/Chongqing] Cf45ea7ba7cb84bae903458d3184642a0 Ufbc5b91883e082225fe009527d8e3c5f 1531392303680 暫時都沒好事情
[12-Jul-2018 18:47:17 Asia/Chongqing] Cf45ea7ba7cb84bae903458d3184642a0 U9ab4918e564c4b73440b8e3388ead129 1531392437708 月夜抽卡看看有沒有好事情？
[12-Jul-2018 18:48:04 Asia/Chongqing] Cf45ea7ba7cb84bae903458d3184642a0 Ufbc5b91883e082225fe009527d8e3c5f 1531392484373 赤風被U大 盜帳了？
[12-Jul-2018 20:26:52 Asia/Chongqing] Cf45ea7ba7cb84bae903458d3184642a0 U9da54081cf509b163da84c91585e5a9f 1531398412429 沒好事，我也覺得需要看月夜抽卡
[12-Jul-2018 20:27:22 Asia/Chongqing] Cf45ea7ba7cb84bae903458d3184642a0 U9da54081cf509b163da84c91585e5a9f 1531398442629 沒石抽三周年
[12-Jul-2018 20:36:02 Asia/Chongqing] Cf45ea7ba7cb84bae903458d3184642a0 U9da54081cf509b163da84c91585e5a9f 1531398961843 不能再逛網拍了
[12-Jul-2018 20:52:27 Asia/Chongqing] Cf45ea7ba7cb84bae903458d3184642a0 U9da54081cf509b163da84c91585e5a9f 1531399947447 月夜カードを引き出します
[12-Jul-2018 20:54:00 Asia/Chongqing] Cf45ea7ba7cb84bae903458d3184642a0 Ufbc5b91883e082225fe009527d8e3c5f 1531400040771 U大抽
[12-Jul-2018 20:55:31 Asia/Chongqing] Cf45ea7ba7cb84bae903458d3184642a0 U9da54081cf509b163da84c91585e5a9f 1531400130990 我抽了阿
[12-Jul-2018 20:55:40 Asia/Chongqing] Cf45ea7ba7cb84bae903458d3184642a0 U9da54081cf509b163da84c91585e5a9f 1531400140050 給七石秒抽
[12-Jul-2018 20:57:40 Asia/Chongqing] Cf45ea7ba7cb84bae903458d3184642a0 U9da54081cf509b163da84c91585e5a9f 1531400259674 ！司狼神抽
[12-Jul-2018 21:01:55 Asia/Chongqing] Cf45ea7ba7cb84bae903458d3184642a0 Ufbc5b91883e082225fe009527d8e3c5f 1531400515024 司狼
[12-Jul-2018 21:02:04 Asia/Chongqing] Cf45ea7ba7cb84bae903458d3184642a0 Ufbc5b91883e082225fe009527d8e3c5f 1531400524412 BACK DATE 中文是什麼?
[12-Jul-2018 21:04:44 Asia/Chongqing] Cf45ea7ba7cb84bae903458d3184642a0 U9da54081cf509b163da84c91585e5a9f 1531400684090 明天是月夜星期五
[12-Jul-2018 21:06:06 Asia/Chongqing] Cf45ea7ba7cb84bae903458d3184642a0 U9da54081cf509b163da84c91585e5a9f 1531400765876 ？
[12-Jul-2018 21:43:44 Asia/Chongqing] Cf45ea7ba7cb84bae903458d3184642a0 U7773009740640965f629bb3cf7a1c55b 1531403024220 月夜確定沒有少了L嗎？
[12-Jul-2018 21:43:55 Asia/Chongqing] Cf45ea7ba7cb84bae903458d3184642a0 Ufbc5b91883e082225fe009527d8e3c5f 1531403034967 是少了
[12-Jul-2018 21:44:06 Asia/Chongqing] Cf45ea7ba7cb84bae903458d3184642a0 Ufbc5b91883e082225fe009527d8e3c5f 1531403046698 Back date
[12-Jul-2018 21:44:10 Asia/Chongqing] Cf45ea7ba7cb84bae903458d3184642a0 Ufbc5b91883e082225fe009527d8e3c5f 1531403050770 不！！！！！
[12-Jul-2018 21:44:17 Asia/Chongqing] Cf45ea7ba7cb84bae903458d3184642a0 Ufbc5b91883e082225fe009527d8e3c5f 1531403056860 不是black 
[12-Jul-2018 21:45:11 Asia/Chongqing] Cf45ea7ba7cb84bae903458d3184642a0 U7773009740640965f629bb3cf7a1c55b 1531403111033 喔喔，物流運輸的BACK DATE嗎？
[12-Jul-2018 21:46:45 Asia/Chongqing] Cf45ea7ba7cb84bae903458d3184642a0 U7773009740640965f629bb3cf7a1c55b 1531403205347 back date 顧名思義就是把/b/l日期做回去(做假的on board date)，這樣lc就不會瑕疵，forwarder都肯做，但船公司就會視航線和客戶做定，因為所有風險都轉移到carrier，曾經有到南美的貨，船公司做back date 2天而被罰usd10萬呢！
[12-Jul-2018 21:47:32 Asia/Chongqing] Cf45ea7ba7cb84bae903458d3184642a0 U7773009740640965f629bb3cf7a1c55b 1531403251997 Back date B/L\n\n提單上簽發的裝船日期比實裝船日提前一日以上的提單\n\n這個比較對＠＠/
[12-Jul-2018 21:49:20 Asia/Chongqing] Cf45ea7ba7cb84bae903458d3184642a0 U9da54081cf509b163da84c91585e5a9f 1531403360636 長知識了
[12-Jul-2018 21:49:37 Asia/Chongqing] Cf45ea7ba7cb84bae903458d3184642a0 U9da54081cf509b163da84c91585e5a9f 1531403377006 可是我睡起來就忘了
[12-Jul-2018 21:49:58 Asia/Chongqing] Cf45ea7ba7cb84bae903458d3184642a0 U7773009740640965f629bb3cf7a1c55b 1531403398536 以前上英文系的商用英文好像有聽過，現在都忘光了
[12-Jul-2018 21:50:09 Asia/Chongqing] Cf45ea7ba7cb84bae903458d3184642a0 U7773009740640965f629bb3cf7a1c55b 1531403409634 早知道就跟老師要PPT
[12-Jul-2018 22:13:02 Asia/Chongqing] Cf45ea7ba7cb84bae903458d3184642a0 Ufbc5b91883e082225fe009527d8e3c5f 1531404781997 有點不一樣
[12-Jul-2018 22:13:05 Asia/Chongqing] Cf45ea7ba7cb84bae903458d3184642a0 Ufbc5b91883e082225fe009527d8e3c5f 1531404785782 不會說~~
[12-Jul-2018 22:13:21 Asia/Chongqing] Cf45ea7ba7cb84bae903458d3184642a0 Ufbc5b91883e082225fe009527d8e3c5f 1531404801031 不知怎說
[12-Jul-2018 22:13:25 Asia/Chongqing] Cf45ea7ba7cb84bae903458d3184642a0 U7773009740640965f629bb3cf7a1c55b 1531404805612 月夜是要問銀行的術語嗎＠＠？
[12-Jul-2018 22:13:41 Asia/Chongqing] Cf45ea7ba7cb84bae903458d3184642a0 Ufbc5b91883e082225fe009527d8e3c5f 1531404821506 忘了他吧~
[12-Jul-2018 22:14:15 Asia/Chongqing] Cf45ea7ba7cb84bae903458d3184642a0 U7773009740640965f629bb3cf7a1c55b 1531404855612 ＠＠
[13-Jul-2018 06:39:34 Asia/Chongqing] Cf45ea7ba7cb84bae903458d3184642a0 U9da54081cf509b163da84c91585e5a9f 1531435174465 月夜語
[13-Jul-2018 08:30:48 Asia/Chongqing] Cf45ea7ba7cb84bae903458d3184642a0 U9da54081cf509b163da84c91585e5a9f 1531441848160 https://m.gamer.com.tw/gnn/detail.php?sn=165336
[13-Jul-2018 11:44:48 Asia/Chongqing] Cf45ea7ba7cb84bae903458d3184642a0 Uc2939b7cf0b361c9874dc715d006871d 1531453487764 嗚哇…我最近在忙說…
[13-Jul-2018 12:25:47 Asia/Chongqing] Cf45ea7ba7cb84bae903458d3184642a0 U1a52354cbe2a793a4eb3668118457bdb 1531455947165 哇  這裝帥
[13-Jul-2018 12:26:35 Asia/Chongqing] Cf45ea7ba7cb84bae903458d3184642a0 U7773009740640965f629bb3cf7a1c55b 1531455995620 是FF.......我在念書RRRRR
[13-Jul-2018 14:58:12 Asia/Chongqing] Cf45ea7ba7cb84bae903458d3184642a0 U07a61fb21f5f7a2fa36d5bc30a39776f 1531465092569 特訓活動\n以一天50本UP為目標吧！！！\n●省AP：外傳1部1-5-3，本傳1部3-6-3\n●順便打錢本傳1部7-8-2
